<?xml version="1.0" encoding="UTF-8"?>
<!-- Generated by org.testng.reporters.JUnitReportReporter -->
<testsuite skipped="0" hostname="DESKTOP-U11RFUB" name="testpackage.TestActiTimeValidLogin" tests="1" failures="0" timestamp="2022-09-19T17:37:33 IST" time="4.624" errors="0">
  <testcase name="testvalidlogin" time="4.624" classname="testpackage.TestActiTimeValidLogin"/>
  <system-out/>
</testsuite> <!-- testpackage.TestActiTimeValidLogin -->
