<?xml version="1.0" encoding="UTF-8"?>
<!-- Generated by org.testng.reporters.JUnitReportReporter -->
<testsuite skipped="0" hostname="DESKTOP-U11RFUB" name="testpackage.TestActiTimeInvalidLogin" tests="1" failures="0" timestamp="2022-09-12T19:57:32 IST" time="5.046" errors="0">
  <testcase name="invalidLoginTest" time="5.046" classname="testpackage.TestActiTimeInvalidLogin"/>
  <system-out/>
</testsuite> <!-- testpackage.TestActiTimeInvalidLogin -->
