<?xml version="1.0" encoding="UTF-8"?>
<!-- Generated by org.testng.reporters.JUnitReportReporter -->
<testsuite skipped="0" hostname="DESKTOP-U11RFUB" name="testngpack.Remo" tests="1" failures="0" timestamp="2022-08-24T00:48:31 IST" time="0.003" errors="0">
  <testcase name="mrthod2" time="0.003" classname="testngpack.Remo"/>
  <system-out>
    <![CDATA[method2 executed]]>
  </system-out>
</testsuite> <!-- testngpack.Remo -->
