<?xml version="1.0" encoding="UTF-8"?>
<!-- Generated by org.testng.reporters.JUnitReportReporter -->
<testsuite skipped="0" hostname="DESKTOP-U11RFUB" name="testngpack.AnnotationsIntestNg" tests="2" failures="0" timestamp="2022-08-25T22:14:25 IST" time="0.016" errors="0">
  <testcase name="f" time="0.005" classname="testngpack.AnnotationsIntestNg"/>
  <system-out>
    <![CDATA[test case 1 execution ]]>
  </system-out>
  <testcase name="a" time="0.011" classname="testngpack.AnnotationsIntestNg"/>
  <system-out>
    <![CDATA[test case 2 execution ]]>
  </system-out>
</testsuite> <!-- testngpack.AnnotationsIntestNg -->
