<?xml version="1.0" encoding="UTF-8"?>
<!-- Generated by org.testng.reporters.JUnitReportReporter -->
<testsuite skipped="0" hostname="DESKTOP-U11RFUB" name="testngpack.Flag8" tests="2" failures="0" timestamp="2022-08-22T15:25:18 IST" time="26.763" errors="0">
  <testcase name="loginActiTime" time="14.473" classname="testngpack.Flag8"/>
  <system-out/>
  <testcase name="loginActiTime" time="12.290" classname="testngpack.Flag8"/>
  <system-out/>
</testsuite> <!-- testngpack.Flag8 -->
