<?xml version="1.0" encoding="UTF-8"?>
<!-- Generated by org.testng.reporters.JUnitReportReporter -->
<testsuite skipped="0" hostname="DESKTOP-U11RFUB" name="testngpack.Annotations" tests="3" failures="0" timestamp="2022-08-23T10:48:46 IST" time="0.020" errors="0">
  <testcase name="test2" time="0.004" classname="testngpack.Annotations"/>
  <system-out>
    <![CDATA[test2 method]]>
  </system-out>
  <testcase name="test1" time="0.011" classname="testngpack.Annotations"/>
  <system-out>
    <![CDATA[test1 method]]>
  </system-out>
  <testcase name="test3" time="0.005" classname="testngpack.Annotations"/>
  <system-out>
    <![CDATA[test3 method]]>
  </system-out>
</testsuite> <!-- testngpack.Annotations -->
