<?xml version="1.0" encoding="UTF-8"?>
<!-- Generated by org.testng.reporters.JUnitReportReporter -->
<testsuite skipped="0" hostname="DESKTOP-U11RFUB" name="testngpack.TestActiTime1" tests="2" failures="0" timestamp="2022-08-25T23:17:01 IST" time="13.573" errors="0">
  <testcase name="logintoActiTime" time="5.433" classname="testngpack.TestActiTime1"/>
  <system-out/>
  <testcase name="actiTimeLogout" time="8.140" classname="testngpack.TestActiTime1"/>
  <system-out/>
</testsuite> <!-- testngpack.TestActiTime1 -->
