<?xml version="1.0" encoding="UTF-8"?>
<!-- Generated by org.testng.reporters.JUnitReportReporter -->
<testsuite skipped="0" hostname="DESKTOP-U11RFUB" name="testngpack.Flag8RDFXML" tests="2" failures="0" timestamp="2022-08-23T09:46:52 IST" time="15.616" errors="0">
  <testcase name="loginActiTime" time="8.085" classname="testngpack.Flag8RDFXML"/>
  <system-out/>
  <testcase name="loginActiTime" time="7.531" classname="testngpack.Flag8RDFXML"/>
  <system-out/>
</testsuite> <!-- testngpack.Flag8RDFXML -->
