<?xml version="1.0" encoding="UTF-8"?>
<!-- Generated by org.testng.reporters.JUnitReportReporter -->
<testsuite skipped="0" hostname="DESKTOP-U11RFUB" name="testngpack.Sumo" tests="1" failures="0" timestamp="2022-08-24T00:48:31 IST" time="0.012" errors="0">
  <testcase name="method1" time="0.012" classname="testngpack.Sumo"/>
  <system-out>
    <![CDATA[method1 executed]]>
  </system-out>
</testsuite> <!-- testngpack.Sumo -->
