<?xml version="1.0" encoding="UTF-8"?>
<!-- Generated by org.testng.reporters.JUnitReportReporter -->
<testsuite skipped="0" hostname="DESKTOP-U11RFUB" name="testngpack.Class3" tests="1" failures="0" timestamp="2022-08-26T11:30:06 IST" time="4.408" errors="0">
  <testcase name="launchGoogle1" time="4.408" classname="testngpack.Class3"/>
  <system-out/>
</testsuite> <!-- testngpack.Class3 -->
