<?xml version="1.0" encoding="UTF-8"?>
<!-- Generated by org.testng.reporters.JUnitReportReporter -->
<testsuite skipped="0" hostname="DESKTOP-U11RFUB" name="testngpack.Flag6Group" tests="6" failures="0" timestamp="2022-08-25T21:03:54 IST" time="0.025" errors="0">
  <testcase name="St6" time="0.002" classname="testngpack.Flag6Group"/>
  <system-out>
    <![CDATA[Smoke test case 6]]>
  </system-out>
  <testcase name="St5" time="0.003" classname="testngpack.Flag6Group"/>
  <system-out>
    <![CDATA[Smoke test case 5]]>
  </system-out>
  <testcase name="St3" time="0.003" classname="testngpack.Flag6Group"/>
  <system-out>
    <![CDATA[Smoke test case 3]]>
  </system-out>
  <testcase name="St2" time="0.002" classname="testngpack.Flag6Group"/>
  <system-out>
    <![CDATA[Smoke test case 2]]>
  </system-out>
  <testcase name="St4" time="0.003" classname="testngpack.Flag6Group"/>
  <system-out>
    <![CDATA[Smoke test case 4]]>
  </system-out>
  <testcase name="St1" time="0.012" classname="testngpack.Flag6Group"/>
  <system-out>
    <![CDATA[Smoke test case 1]]>
  </system-out>
</testsuite> <!-- testngpack.Flag6Group -->
