<?xml version="1.0" encoding="UTF-8"?>
<!-- Generated by org.testng.reporters.JUnitReportReporter -->
<testsuite skipped="0" hostname="DESKTOP-U11RFUB" name="bosch.Instagramlogin3" tests="1" failures="0" timestamp="2022-09-14T11:16:21 IST" time="7.020" errors="0">
  <testcase name="loginInstagram" time="7.020" classname="bosch.Instagramlogin3"/>
  <system-out/>
</testsuite> <!-- bosch.Instagramlogin3 -->
