<?xml version="1.0" encoding="UTF-8"?>
<!-- Generated by org.testng.reporters.JUnitReportReporter -->
<testsuite skipped="0" hostname="DESKTOP-U11RFUB" name="testngpack.TestMethod2" tests="2" failures="0" timestamp="2022-08-26T10:32:16 IST" time="0.015" errors="0">
  <testcase name="method2" time="0.002" classname="testngpack.TestMethod2"/>
  <system-out>
    <![CDATA[method2 ]]>
  </system-out>
  <testcase name="method1" time="0.013" classname="testngpack.TestMethod2"/>
  <system-out>
    <![CDATA[method1 ]]>
  </system-out>
</testsuite> <!-- testngpack.TestMethod2 -->
