<?xml version="1.0" encoding="UTF-8"?>
<!-- Generated by org.testng.reporters.JUnitReportReporter -->
<testsuite skipped="0" hostname="DESKTOP-U11RFUB" name="testngpack.ActiTimeLogin" tests="2" failures="0" timestamp="2022-08-26T00:13:26 IST" time="14.366" errors="0">
  <testcase name="loginActiTime" time="6.128" classname="testngpack.ActiTimeLogin"/>
  <system-out/>
  <testcase name="loginActiTime" time="8.238" classname="testngpack.ActiTimeLogin"/>
  <system-out/>
</testsuite> <!-- testngpack.ActiTimeLogin -->
