<?xml version="1.0" encoding="UTF-8"?>
<!-- Generated by org.testng.reporters.JUnitReportReporter -->
<testsuite skipped="0" hostname="DESKTOP-U11RFUB" name="testngpack.Demo" tests="1" failures="0" timestamp="2022-08-17T16:04:56 IST" time="0.015" errors="0">
  <testcase name="a" time="0.015" classname="testngpack.Demo"/>
  <system-out>
    <![CDATA[HI I am from method a]]>
  </system-out>
</testsuite> <!-- testngpack.Demo -->
