<?xml version="1.0" encoding="UTF-8"?>
<!-- Generated by org.testng.reporters.JUnitReportReporter -->
<testsuite skipped="0" hostname="DESKTOP-U11RFUB" name="testngpack.TestMethod1" tests="2" failures="0" timestamp="2022-08-26T10:31:35 IST" time="0.034" errors="0">
  <testcase name="method2" time="0.006" classname="testngpack.TestMethod1"/>
  <system-out>
    <![CDATA[method2 1]]>
  </system-out>
  <testcase name="method1" time="0.028" classname="testngpack.TestMethod1"/>
  <system-out>
    <![CDATA[method1 1]]>
  </system-out>
</testsuite> <!-- testngpack.TestMethod1 -->
