<?xml version="1.0" encoding="UTF-8"?>
<!-- Generated by org.testng.reporters.JUnitReportReporter -->
<testsuite skipped="0" hostname="DESKTOP-U11RFUB" name="testngpack.Group" tests="18" failures="0" timestamp="2022-08-22T12:46:32 IST" time="0.048" errors="0">
  <testcase name="ft5" time="0.002" classname="testngpack.Group"/>
  <system-out>
    <![CDATA[Functional test case 5]]>
  </system-out>
  <testcase name="St2" time="0.002" classname="testngpack.Group"/>
  <system-out>
    <![CDATA[Smoke test case 2]]>
  </system-out>
  <testcase name="It3" time="0.002" classname="testngpack.Group"/>
  <system-out>
    <![CDATA[Integration test case 3]]>
  </system-out>
  <testcase name="It6" time="0.003" classname="testngpack.Group"/>
  <system-out>
    <![CDATA[Integration test case 6]]>
  </system-out>
  <testcase name="ft4" time="0.003" classname="testngpack.Group"/>
  <system-out>
    <![CDATA[Functional test case 4]]>
  </system-out>
  <testcase name="It2" time="0.002" classname="testngpack.Group"/>
  <system-out>
    <![CDATA[Integration test case 2]]>
  </system-out>
  <testcase name="St6" time="0.001" classname="testngpack.Group"/>
  <system-out>
    <![CDATA[Smoke test case 6]]>
  </system-out>
  <testcase name="ft3" time="0.001" classname="testngpack.Group"/>
  <system-out>
    <![CDATA[Functional test case 3]]>
  </system-out>
  <testcase name="It1" time="0.011" classname="testngpack.Group"/>
  <system-out>
    <![CDATA[Integration test case 1]]>
  </system-out>
  <testcase name="It5" time="0.001" classname="testngpack.Group"/>
  <system-out>
    <![CDATA[Integration test case 5]]>
  </system-out>
  <testcase name="St5" time="0.002" classname="testngpack.Group"/>
  <system-out>
    <![CDATA[Smoke test case 5]]>
  </system-out>
  <testcase name="ft2" time="0.002" classname="testngpack.Group"/>
  <system-out>
    <![CDATA[Functional test case 2]]>
  </system-out>
  <testcase name="It4" time="0.002" classname="testngpack.Group"/>
  <system-out>
    <![CDATA[Integration test case 4]]>
  </system-out>
  <testcase name="St1" time="0.003" classname="testngpack.Group"/>
  <system-out>
    <![CDATA[Smoke test case 1]]>
  </system-out>
  <testcase name="St3" time="0.002" classname="testngpack.Group"/>
  <system-out>
    <![CDATA[Smoke test case 3]]>
  </system-out>
  <testcase name="St4" time="0.002" classname="testngpack.Group"/>
  <system-out>
    <![CDATA[Smoke test case 4]]>
  </system-out>
  <testcase name="ft6" time="0.002" classname="testngpack.Group"/>
  <system-out>
    <![CDATA[Functional test case 6]]>
  </system-out>
  <testcase name="ft1" time="0.005" classname="testngpack.Group"/>
  <system-out>
    <![CDATA[Functional test case 1]]>
  </system-out>
</testsuite> <!-- testngpack.Group -->
